<?xml version="1.0" encoding="UTF-8"?>
<!-- Generated by org.testng.reporters.JUnitXMLReporter -->
<testsuite ignored="0" hostname="DESKTOP-JCSH58D" failures="0" tests="5" name="Default test" time="28.771" errors="0" timestamp="2025-05-15T00:13:12 IST">
  <testcase classname="test.TC_001_LoginTest" name="loginTest" time="0.522"/>
  <testcase classname="test.TC_001_LoginTest" name="loginTest" time="0.515"/>
  <testcase classname="test.TC_001_LoginTest" name="loginTest" time="0.47"/>
  <testcase classname="test.TC_001_LoginTest" name="loginTest" time="0.543"/>
  <testcase classname="test.TC_001_LoginTest" name="loginTest" time="1.511"/>
</testsuite> <!-- Default test -->
