<?xml version="1.0" encoding="UTF-8"?>
<!-- Generated by org.testng.reporters.JUnitXMLReporter -->
<testsuite ignored="3" hostname="G00005" failures="1" tests="1" name="ChromeTest" time="1.042" errors="0" timestamp="2026-07-30T13:16:34 IST">
  <testcase classname="test.TC_001_LoginTest" name="loginTest" time="0.0">
    <failure type="java.lang.RuntimeException" message="java.lang.NullPointerException: Cannot invoke &amp;quot;String.equalsIgnoreCase(String)&amp;quot; because &amp;quot;name&amp;quot; is null">
      <![CDATA[java.lang.RuntimeException: java.lang.NullPointerException: Cannot invoke "String.equalsIgnoreCase(String)" because "name" is null
at java.base/java.util.ArrayList.forEach(ArrayList.java:1596)
Caused by: java.lang.NullPointerException: Cannot invoke "String.equalsIgnoreCase(String)" because "name" is null
at org.apache.poi.xssf.usermodel.XSSFWorkbook.getSheet(XSSFWorkbook.java:1220)
at utils.UtilityClass.readExcel(UtilityClass.java:89)
at base.ProjectSpecificMethods.readData(ProjectSpecificMethods.java:46)
... 25 more
... Removed 30 stack frames]]>
    </failure>
  </testcase> <!-- loginTest -->
  <testcase classname="test.TC_003_AddToCart" name="productListTest" time="0.0">
    <ignored/>
  </testcase> <!-- productListTest -->
  <testcase classname="test.TC_004_CheckOut" name="checkOutTest" time="0.0">
    <ignored/>
  </testcase> <!-- checkOutTest -->
  <testcase classname="test.TC_002_ProductList" name="productListTest" time="0.0">
    <ignored/>
  </testcase> <!-- productListTest -->
</testsuite> <!-- ChromeTest -->
