<?xml version="1.0" encoding="UTF-8"?>
<!-- Generated by org.testng.reporters.JUnitXMLReporter -->
<testsuite ignored="0" hostname="DESKTOP-JCSH58D" failures="0" tests="5" name="ChromeTest" time="25.032" errors="0" timestamp="2025-05-15T00:30:07 IST">
  <testcase classname="test.TC_001_LoginTest" name="loginTest" time="0.61"/>
  <testcase classname="test.TC_001_LoginTest" name="loginTest" time="1.262"/>
  <testcase classname="test.TC_001_LoginTest" name="loginTest" time="1.357"/>
  <testcase classname="test.TC_001_LoginTest" name="loginTest" time="0.558"/>
  <testcase classname="test.TC_001_LoginTest" name="loginTest" time="0.654"/>
</testsuite> <!-- ChromeTest -->
