<?xml version="1.0" encoding="UTF-8"?>
<!-- Generated by org.testng.reporters.JUnitXMLReporter -->
<testsuite ignored="0" hostname="DESKTOP-JCSH58D" failures="0" tests="5" name="Test" time="25.169" errors="0" timestamp="2025-05-15T00:22:54 IST">
  <testcase classname="test.TC_001_LoginTest" name="loginTest" time="0.671"/>
  <testcase classname="test.TC_001_LoginTest" name="loginTest" time="0.511"/>
  <testcase classname="test.TC_001_LoginTest" name="loginTest" time="0.603"/>
  <testcase classname="test.TC_001_LoginTest" name="loginTest" time="1.735"/>
  <testcase classname="test.TC_001_LoginTest" name="loginTest" time="1.626"/>
</testsuite> <!-- Test -->
