<?xml version="1.0" encoding="UTF-8"?>
<!-- Generated by org.testng.reporters.JUnitXMLReporter -->
<testsuite ignored="6" hostname="G00005" failures="4" tests="8" name="ChromeTest" time="148.239" errors="0" timestamp="2026-07-30T13:22:54 IST">
  <testcase classname="test.TC_001_LoginTest" name="loginTest" time="1.342">
    <failure type="java.lang.AssertionError" message="expected [https://www.saucedemo.com/inventory.html] but found [https://www.saucedemo.com/]">
      <![CDATA[java.lang.AssertionError: expected [https://www.saucedemo.com/inventory.html] but found [https://www.saucedemo.com/]
at pages.HomePage.validateLogin(HomePage.java:56)
at test.TC_001_LoginTest.loginTest(TC_001_LoginTest.java:28)
at java.base/java.util.ArrayList.forEach(ArrayList.java:1596)
at java.base/java.util.concurrent.FutureTask.run(FutureTask.java:317)
at java.base/java.util.concurrent.ThreadPoolExecutor.runWorker(ThreadPoolExecutor.java:1144)
at java.base/java.util.concurrent.ThreadPoolExecutor$Worker.run(ThreadPoolExecutor.java:642)
at java.base/java.lang.Thread.run(Thread.java:1583)
... Removed 21 stack frames]]>
    </failure>
  </testcase> <!-- loginTest -->
  <testcase classname="test.TC_001_LoginTest" name="loginTest" time="0.729"/>
  <testcase classname="test.TC_001_LoginTest" name="loginTest" time="0.311"/>
  <testcase classname="test.TC_001_LoginTest" name="loginTest" time="0.393"/>
  <testcase classname="test.TC_001_LoginTest" name="loginTest" time="0.506"/>
  <testcase classname="test.TC_002_ProductList" name="productListTest" time="31.272">
    <failure type="java.lang.AssertionError" message="expected [true] but found [false]">
      <![CDATA[java.lang.AssertionError: expected [true] but found [false]
at pages.InventoryPage.productList(InventoryPage.java:33)
at test.TC_002_ProductList.productListTest(TC_002_ProductList.java:34)
at java.base/java.util.ArrayList.forEach(ArrayList.java:1596)
at java.base/java.util.concurrent.FutureTask.run(FutureTask.java:317)
at java.base/java.util.concurrent.ThreadPoolExecutor.runWorker(ThreadPoolExecutor.java:1144)
at java.base/java.util.concurrent.ThreadPoolExecutor$Worker.run(ThreadPoolExecutor.java:642)
at java.base/java.lang.Thread.run(Thread.java:1583)
... Removed 19 stack frames]]>
    </failure>
  </testcase> <!-- productListTest -->
  <testcase classname="test.TC_003_AddToCart" name="productListTest" time="30.886">
    <failure type="java.lang.AssertionError" message="expected [true] but found [false]">
      <![CDATA[java.lang.AssertionError: expected [true] but found [false]
at pages.InventoryPage.productList(InventoryPage.java:33)
at test.TC_003_AddToCart.productListTest(TC_003_AddToCart.java:34)
at java.base/java.util.ArrayList.forEach(ArrayList.java:1596)
at java.base/java.util.concurrent.FutureTask.run(FutureTask.java:317)
at java.base/java.util.concurrent.ThreadPoolExecutor.runWorker(ThreadPoolExecutor.java:1144)
at java.base/java.util.concurrent.ThreadPoolExecutor$Worker.run(ThreadPoolExecutor.java:642)
at java.base/java.lang.Thread.run(Thread.java:1583)
... Removed 19 stack frames]]>
    </failure>
  </testcase> <!-- productListTest -->
  <testcase classname="test.TC_004_CheckOut" name="checkOutTest" time="31.494">
    <failure type="java.lang.AssertionError" message="expected [true] but found [false]">
      <![CDATA[java.lang.AssertionError: expected [true] but found [false]
at pages.InventoryPage.productList(InventoryPage.java:33)
at test.TC_004_CheckOut.checkOutTest(TC_004_CheckOut.java:34)
at java.base/java.util.ArrayList.forEach(ArrayList.java:1596)
at java.base/java.util.concurrent.FutureTask.run(FutureTask.java:317)
at java.base/java.util.concurrent.ThreadPoolExecutor.runWorker(ThreadPoolExecutor.java:1144)
at java.base/java.util.concurrent.ThreadPoolExecutor$Worker.run(ThreadPoolExecutor.java:642)
at java.base/java.lang.Thread.run(Thread.java:1583)
... Removed 19 stack frames]]>
    </failure>
  </testcase> <!-- checkOutTest -->
  <testcase classname="base.ProjectSpecificMethods" name="@AfterSuite closeReport" time="0.0">
    <ignored/>
  </testcase> <!-- @AfterSuite closeReport -->
  <testcase classname="base.ProjectSpecificMethods" name="@BeforeSuite reportInitialization" time="0.0">
    <ignored/>
  </testcase> <!-- @BeforeSuite reportInitialization -->
  <testcase classname="base.ProjectSpecificMethods" name="@AfterSuite closeReport" time="0.0">
    <ignored/>
  </testcase> <!-- @AfterSuite closeReport -->
  <testcase classname="base.ProjectSpecificMethods" name="@BeforeSuite reportInitialization" time="0.0">
    <ignored/>
  </testcase> <!-- @BeforeSuite reportInitialization -->
  <testcase classname="base.ProjectSpecificMethods" name="@AfterSuite closeReport" time="0.0">
    <ignored/>
  </testcase> <!-- @AfterSuite closeReport -->
  <testcase classname="base.ProjectSpecificMethods" name="@BeforeSuite reportInitialization" time="0.0">
    <ignored/>
  </testcase> <!-- @BeforeSuite reportInitialization -->
</testsuite> <!-- ChromeTest -->
