<?xml version="1.0" encoding="UTF-8"?>
<!-- Generated by org.testng.reporters.JUnitXMLReporter -->
<testsuite ignored="6" hostname="G00005" failures="0" tests="8" name="ChromeTest" time="26.317" errors="0" timestamp="2026-07-30T13:27:00 IST">
  <testcase classname="test.TC_001_LoginTest" name="loginTest" time="0.384"/>
  <testcase classname="test.TC_001_LoginTest" name="loginTest" time="0.321"/>
  <testcase classname="test.TC_001_LoginTest" name="loginTest" time="0.31"/>
  <testcase classname="test.TC_001_LoginTest" name="loginTest" time="0.316"/>
  <testcase classname="test.TC_001_LoginTest" name="loginTest" time="0.305"/>
  <testcase classname="test.TC_002_ProductList" name="productListTest" time="0.524"/>
  <testcase classname="test.TC_003_AddToCart" name="productListTest" time="0.767"/>
  <testcase classname="test.TC_004_CheckOut" name="checkOutTest" time="1.071"/>
  <testcase classname="base.ProjectSpecificMethods" name="@AfterSuite closeReport" time="0.0">
    <ignored/>
  </testcase> <!-- @AfterSuite closeReport -->
  <testcase classname="base.ProjectSpecificMethods" name="@BeforeSuite reportInitialization" time="0.0">
    <ignored/>
  </testcase> <!-- @BeforeSuite reportInitialization -->
  <testcase classname="base.ProjectSpecificMethods" name="@AfterSuite closeReport" time="0.0">
    <ignored/>
  </testcase> <!-- @AfterSuite closeReport -->
  <testcase classname="base.ProjectSpecificMethods" name="@AfterSuite closeReport" time="0.0">
    <ignored/>
  </testcase> <!-- @AfterSuite closeReport -->
  <testcase classname="base.ProjectSpecificMethods" name="@BeforeSuite reportInitialization" time="0.0">
    <ignored/>
  </testcase> <!-- @BeforeSuite reportInitialization -->
  <testcase classname="base.ProjectSpecificMethods" name="@BeforeSuite reportInitialization" time="0.0">
    <ignored/>
  </testcase> <!-- @BeforeSuite reportInitialization -->
</testsuite> <!-- ChromeTest -->
