<?xml version="1.0" encoding="UTF-8"?>
<!-- Generated by org.testng.reporters.JUnitXMLReporter -->
<testsuite ignored="6" hostname="G00005" failures="0" tests="8" name="ChromeTest" time="25.511" errors="0" timestamp="2026-07-30T13:55:01 IST">
  <testcase classname="test.TC_001_LoginTest" name="loginTest" time="0.443"/>
  <testcase classname="test.TC_001_LoginTest" name="loginTest" time="0.368"/>
  <testcase classname="test.TC_001_LoginTest" name="loginTest" time="0.291"/>
  <testcase classname="test.TC_001_LoginTest" name="loginTest" time="0.246"/>
  <testcase classname="test.TC_001_LoginTest" name="loginTest" time="0.263"/>
  <testcase classname="test.TC_002_ProductList" name="productListTest" time="0.48"/>
  <testcase classname="test.TC_003_AddToCart" name="productListTest" time="1.021"/>
  <testcase classname="test.TC_004_CheckOut" name="checkOutTest" time="1.381"/>
  <testcase classname="base.ProjectSpecificMethods" name="@AfterSuite closeReport" time="0.0">
    <ignored/>
  </testcase> <!-- @AfterSuite closeReport -->
  <testcase classname="base.ProjectSpecificMethods" name="@BeforeSuite reportInitialization" time="0.0">
    <ignored/>
  </testcase> <!-- @BeforeSuite reportInitialization -->
  <testcase classname="base.ProjectSpecificMethods" name="@BeforeSuite reportInitialization" time="0.0">
    <ignored/>
  </testcase> <!-- @BeforeSuite reportInitialization -->
  <testcase classname="base.ProjectSpecificMethods" name="@AfterSuite closeReport" time="0.0">
    <ignored/>
  </testcase> <!-- @AfterSuite closeReport -->
  <testcase classname="base.ProjectSpecificMethods" name="@BeforeSuite reportInitialization" time="0.0">
    <ignored/>
  </testcase> <!-- @BeforeSuite reportInitialization -->
  <testcase classname="base.ProjectSpecificMethods" name="@AfterSuite closeReport" time="0.0">
    <ignored/>
  </testcase> <!-- @AfterSuite closeReport -->
</testsuite> <!-- ChromeTest -->
