<?xml version="1.0" encoding="UTF-8"?>
<testng-results ignored="0" total="8" passed="8" failed="0" skipped="0">
  <reporter-output>
  </reporter-output>
  <suite started-at="2026-07-30T13:26:34 IST" name="Suite" finished-at="2026-07-30T13:27:00 IST" duration-ms="26317">
    <groups>
      <group name="Sanity">
        <method signature="TC_004_CheckOut.checkOutTest()[pri:0, instance:test.TC_004_CheckOut@7c7b252e]" name="checkOutTest" class="test.TC_004_CheckOut"/>
      </group> <!-- Sanity -->
      <group name="Regression">
        <method signature="TC_001_LoginTest.loginTest(java.lang.String,java.lang.String,java.lang.String,java.lang.String)[pri:0, instance:test.TC_001_LoginTest@31304f14]" name="loginTest" class="test.TC_001_LoginTest"/>
        <method signature="TC_002_ProductList.productListTest()[pri:0, instance:test.TC_002_ProductList@128d2484]" name="productListTest" class="test.TC_002_ProductList"/>
        <method signature="TC_003_AddToCart.productListTest()[pri:0, instance:test.TC_003_AddToCart@7cc0cdad]" name="productListTest" class="test.TC_003_AddToCart"/>
      </group> <!-- Regression -->
      <group name="Smoke">
        <method signature="TC_001_LoginTest.loginTest(java.lang.String,java.lang.String,java.lang.String,java.lang.String)[pri:0, instance:test.TC_001_LoginTest@31304f14]" name="loginTest" class="test.TC_001_LoginTest"/>
      </group> <!-- Smoke -->
    </groups>
    <test started-at="2026-07-30T13:26:34 IST" name="ChromeTest" finished-at="2026-07-30T13:27:00 IST" duration-ms="26317">
      <class name="test.TC_001_LoginTest">
        <test-method is-config="true" signature="reportInitialization()[pri:0, instance:test.TC_001_LoginTest@31304f14]" started-at="2026-07-30T13:26:34 IST" name="reportInitialization" finished-at="2026-07-30T13:26:34 IST" duration-ms="304" status="PASS">
          <reporter-output>
          </reporter-output>
        </test-method> <!-- reportInitialization -->
        <test-method is-config="true" signature="setup()[pri:0, instance:test.TC_001_LoginTest@31304f14]" started-at="2026-07-30T13:26:34 IST" name="setup" finished-at="2026-07-30T13:26:34 IST" duration-ms="1" status="PASS">
          <reporter-output>
          </reporter-output>
        </test-method> <!-- setup -->
        <test-method is-config="true" signature="testDetails()[pri:0, instance:test.TC_001_LoginTest@31304f14]" started-at="2026-07-30T13:26:34 IST" name="testDetails" finished-at="2026-07-30T13:26:34 IST" duration-ms="10" status="PASS">
          <reporter-output>
          </reporter-output>
        </test-method> <!-- testDetails -->
        <test-method is-config="true" signature="browserLaunchAndLoadUrl(java.lang.String,java.lang.String)[pri:0, instance:test.TC_001_LoginTest@31304f14]" started-at="2026-07-30T13:26:35 IST" name="browserLaunchAndLoadUrl" finished-at="2026-07-30T13:26:37 IST" duration-ms="2061" status="PASS">
          <params>
            <param index="0">
              <value>
                <![CDATA[https://www.saucedemo.com/]]>
              </value>
            </param>
            <param index="1">
              <value>
                <![CDATA[chrome]]>
              </value>
            </param>
          </params>
          <reporter-output>
          </reporter-output>
        </test-method> <!-- browserLaunchAndLoadUrl -->
        <test-method signature="loginTest(java.lang.String,java.lang.String,java.lang.String,java.lang.String)[pri:0, instance:test.TC_001_LoginTest@31304f14]" started-at="2026-07-30T13:26:37 IST" name="loginTest" data-provider="readData" finished-at="2026-07-30T13:26:37 IST" duration-ms="384" status="PASS">
          <params>
            <param index="0">
              <value>
                <![CDATA[standard_user]]>
              </value>
            </param>
            <param index="1">
              <value>
                <![CDATA[secret_sauce]]>
              </value>
            </param>
            <param index="2">
              <value>
                <![CDATA[ValidInputs]]>
              </value>
            </param>
            <param index="3">
              <value>
                <![CDATA[https://www.saucedemo.com/inventory.html]]>
              </value>
            </param>
          </params>
          <reporter-output>
          </reporter-output>
        </test-method> <!-- loginTest -->
        <test-method is-config="true" signature="browserClose()[pri:0, instance:test.TC_001_LoginTest@31304f14]" started-at="2026-07-30T13:26:38 IST" name="browserClose" finished-at="2026-07-30T13:26:38 IST" duration-ms="0" status="PASS">
          <reporter-output>
          </reporter-output>
        </test-method> <!-- browserClose -->
        <test-method is-config="true" signature="browserLaunchAndLoadUrl(java.lang.String,java.lang.String)[pri:0, instance:test.TC_001_LoginTest@31304f14]" started-at="2026-07-30T13:26:38 IST" name="browserLaunchAndLoadUrl" finished-at="2026-07-30T13:26:39 IST" duration-ms="1502" status="PASS">
          <params>
            <param index="0">
              <value>
                <![CDATA[https://www.saucedemo.com/]]>
              </value>
            </param>
            <param index="1">
              <value>
                <![CDATA[chrome]]>
              </value>
            </param>
          </params>
          <reporter-output>
          </reporter-output>
        </test-method> <!-- browserLaunchAndLoadUrl -->
        <test-method signature="loginTest(java.lang.String,java.lang.String,java.lang.String,java.lang.String)[pri:0, instance:test.TC_001_LoginTest@31304f14]" started-at="2026-07-30T13:26:39 IST" name="loginTest" data-provider="readData" finished-at="2026-07-30T13:26:40 IST" duration-ms="321" status="PASS">
          <params>
            <param index="0">
              <value>
                <![CDATA[]]>
              </value>
            </param>
            <param index="1">
              <value>
                <![CDATA[secret_sauce]]>
              </value>
            </param>
            <param index="2">
              <value>
                <![CDATA[InvalidUsername]]>
              </value>
            </param>
            <param index="3">
              <value>
                <![CDATA[Epic sadface: Username is required]]>
              </value>
            </param>
          </params>
          <reporter-output>
          </reporter-output>
        </test-method> <!-- loginTest -->
        <test-method is-config="true" signature="browserClose()[pri:0, instance:test.TC_001_LoginTest@31304f14]" started-at="2026-07-30T13:26:40 IST" name="browserClose" finished-at="2026-07-30T13:26:40 IST" duration-ms="0" status="PASS">
          <reporter-output>
          </reporter-output>
        </test-method> <!-- browserClose -->
        <test-method is-config="true" signature="browserLaunchAndLoadUrl(java.lang.String,java.lang.String)[pri:0, instance:test.TC_001_LoginTest@31304f14]" started-at="2026-07-30T13:26:40 IST" name="browserLaunchAndLoadUrl" finished-at="2026-07-30T13:26:41 IST" duration-ms="1528" status="PASS">
          <params>
            <param index="0">
              <value>
                <![CDATA[https://www.saucedemo.com/]]>
              </value>
            </param>
            <param index="1">
              <value>
                <![CDATA[chrome]]>
              </value>
            </param>
          </params>
          <reporter-output>
          </reporter-output>
        </test-method> <!-- browserLaunchAndLoadUrl -->
        <test-method signature="loginTest(java.lang.String,java.lang.String,java.lang.String,java.lang.String)[pri:0, instance:test.TC_001_LoginTest@31304f14]" started-at="2026-07-30T13:26:41 IST" name="loginTest" data-provider="readData" finished-at="2026-07-30T13:26:42 IST" duration-ms="310" status="PASS">
          <params>
            <param index="0">
              <value>
                <![CDATA[standard_user]]>
              </value>
            </param>
            <param index="1">
              <value>
                <![CDATA[]]>
              </value>
            </param>
            <param index="2">
              <value>
                <![CDATA[InvalidPassword]]>
              </value>
            </param>
            <param index="3">
              <value>
                <![CDATA[Epic sadface: Password is required]]>
              </value>
            </param>
          </params>
          <reporter-output>
          </reporter-output>
        </test-method> <!-- loginTest -->
        <test-method is-config="true" signature="browserClose()[pri:0, instance:test.TC_001_LoginTest@31304f14]" started-at="2026-07-30T13:26:42 IST" name="browserClose" finished-at="2026-07-30T13:26:42 IST" duration-ms="0" status="PASS">
          <reporter-output>
          </reporter-output>
        </test-method> <!-- browserClose -->
        <test-method is-config="true" signature="browserLaunchAndLoadUrl(java.lang.String,java.lang.String)[pri:0, instance:test.TC_001_LoginTest@31304f14]" started-at="2026-07-30T13:26:42 IST" name="browserLaunchAndLoadUrl" finished-at="2026-07-30T13:26:43 IST" duration-ms="1562" status="PASS">
          <params>
            <param index="0">
              <value>
                <![CDATA[https://www.saucedemo.com/]]>
              </value>
            </param>
            <param index="1">
              <value>
                <![CDATA[chrome]]>
              </value>
            </param>
          </params>
          <reporter-output>
          </reporter-output>
        </test-method> <!-- browserLaunchAndLoadUrl -->
        <test-method signature="loginTest(java.lang.String,java.lang.String,java.lang.String,java.lang.String)[pri:0, instance:test.TC_001_LoginTest@31304f14]" started-at="2026-07-30T13:26:43 IST" name="loginTest" data-provider="readData" finished-at="2026-07-30T13:26:44 IST" duration-ms="316" status="PASS">
          <params>
            <param index="0">
              <value>
                <![CDATA[]]>
              </value>
            </param>
            <param index="1">
              <value>
                <![CDATA[]]>
              </value>
            </param>
            <param index="2">
              <value>
                <![CDATA[BlankInputs]]>
              </value>
            </param>
            <param index="3">
              <value>
                <![CDATA[Epic sadface: Username is required]]>
              </value>
            </param>
          </params>
          <reporter-output>
          </reporter-output>
        </test-method> <!-- loginTest -->
        <test-method is-config="true" signature="browserClose()[pri:0, instance:test.TC_001_LoginTest@31304f14]" started-at="2026-07-30T13:26:44 IST" name="browserClose" finished-at="2026-07-30T13:26:44 IST" duration-ms="0" status="PASS">
          <reporter-output>
          </reporter-output>
        </test-method> <!-- browserClose -->
        <test-method is-config="true" signature="browserLaunchAndLoadUrl(java.lang.String,java.lang.String)[pri:0, instance:test.TC_001_LoginTest@31304f14]" started-at="2026-07-30T13:26:44 IST" name="browserLaunchAndLoadUrl" finished-at="2026-07-30T13:26:45 IST" duration-ms="1782" status="PASS">
          <params>
            <param index="0">
              <value>
                <![CDATA[https://www.saucedemo.com/]]>
              </value>
            </param>
            <param index="1">
              <value>
                <![CDATA[chrome]]>
              </value>
            </param>
          </params>
          <reporter-output>
          </reporter-output>
        </test-method> <!-- browserLaunchAndLoadUrl -->
        <test-method signature="loginTest(java.lang.String,java.lang.String,java.lang.String,java.lang.String)[pri:0, instance:test.TC_001_LoginTest@31304f14]" started-at="2026-07-30T13:26:45 IST" name="loginTest" data-provider="readData" finished-at="2026-07-30T13:26:46 IST" duration-ms="305" status="PASS">
          <params>
            <param index="0">
              <value>
                <![CDATA[abc]]>
              </value>
            </param>
            <param index="1">
              <value>
                <![CDATA[abc@123]]>
              </value>
            </param>
            <param index="2">
              <value>
                <![CDATA[InvalidInputs]]>
              </value>
            </param>
            <param index="3">
              <value>
                <![CDATA[Epic sadface: Username and password do not match any user in this service]]>
              </value>
            </param>
          </params>
          <reporter-output>
          </reporter-output>
        </test-method> <!-- loginTest -->
        <test-method is-config="true" signature="browserClose()[pri:0, instance:test.TC_001_LoginTest@31304f14]" started-at="2026-07-30T13:26:46 IST" name="browserClose" finished-at="2026-07-30T13:26:46 IST" duration-ms="2" status="PASS">
          <reporter-output>
          </reporter-output>
        </test-method> <!-- browserClose -->
        <test-method is-config="true" signature="closeReport()[pri:0, instance:test.TC_001_LoginTest@31304f14]" started-at="2026-07-30T13:27:00 IST" name="closeReport" finished-at="2026-07-30T13:27:01 IST" duration-ms="571" status="PASS">
          <reporter-output>
          </reporter-output>
        </test-method> <!-- closeReport -->
      </class> <!-- test.TC_001_LoginTest -->
      <class name="test.TC_004_CheckOut">
        <test-method is-config="true" signature="setup()[pri:0, instance:test.TC_004_CheckOut@7c7b252e]" started-at="2026-07-30T13:26:34 IST" name="setup" finished-at="2026-07-30T13:26:34 IST" duration-ms="1" status="PASS">
          <reporter-output>
          </reporter-output>
        </test-method> <!-- setup -->
        <test-method is-config="true" signature="testDetails()[pri:0, instance:test.TC_004_CheckOut@7c7b252e]" started-at="2026-07-30T13:26:52 IST" name="testDetails" finished-at="2026-07-30T13:26:52 IST" duration-ms="0" status="PASS">
          <reporter-output>
          </reporter-output>
        </test-method> <!-- testDetails -->
        <test-method is-config="true" signature="browserLaunchAndLoadUrl(java.lang.String,java.lang.String)[pri:0, instance:test.TC_004_CheckOut@7c7b252e]" started-at="2026-07-30T13:26:52 IST" name="browserLaunchAndLoadUrl" finished-at="2026-07-30T13:26:59 IST" duration-ms="7503" status="PASS">
          <params>
            <param index="0">
              <value>
                <![CDATA[https://www.saucedemo.com/]]>
              </value>
            </param>
            <param index="1">
              <value>
                <![CDATA[chrome]]>
              </value>
            </param>
          </params>
          <reporter-output>
          </reporter-output>
        </test-method> <!-- browserLaunchAndLoadUrl -->
        <test-method signature="checkOutTest()[pri:0, instance:test.TC_004_CheckOut@7c7b252e]" started-at="2026-07-30T13:26:59 IST" name="checkOutTest" finished-at="2026-07-30T13:27:00 IST" duration-ms="1071" status="PASS">
          <reporter-output>
          </reporter-output>
        </test-method> <!-- checkOutTest -->
        <test-method is-config="true" signature="browserClose()[pri:0, instance:test.TC_004_CheckOut@7c7b252e]" started-at="2026-07-30T13:27:00 IST" name="browserClose" finished-at="2026-07-30T13:27:00 IST" duration-ms="0" status="PASS">
          <reporter-output>
          </reporter-output>
        </test-method> <!-- browserClose -->
      </class> <!-- test.TC_004_CheckOut -->
      <class name="test.TC_002_ProductList">
        <test-method is-config="true" signature="setup()[pri:0, instance:test.TC_002_ProductList@128d2484]" started-at="2026-07-30T13:26:34 IST" name="setup" finished-at="2026-07-30T13:26:34 IST" duration-ms="14" status="PASS">
          <reporter-output>
          </reporter-output>
        </test-method> <!-- setup -->
        <test-method is-config="true" signature="testDetails()[pri:0, instance:test.TC_002_ProductList@128d2484]" started-at="2026-07-30T13:26:46 IST" name="testDetails" finished-at="2026-07-30T13:26:46 IST" duration-ms="0" status="PASS">
          <reporter-output>
          </reporter-output>
        </test-method> <!-- testDetails -->
        <test-method is-config="true" signature="browserLaunchAndLoadUrl(java.lang.String,java.lang.String)[pri:0, instance:test.TC_002_ProductList@128d2484]" started-at="2026-07-30T13:26:46 IST" name="browserLaunchAndLoadUrl" finished-at="2026-07-30T13:26:47 IST" duration-ms="1589" status="PASS">
          <params>
            <param index="0">
              <value>
                <![CDATA[https://www.saucedemo.com/]]>
              </value>
            </param>
            <param index="1">
              <value>
                <![CDATA[chrome]]>
              </value>
            </param>
          </params>
          <reporter-output>
          </reporter-output>
        </test-method> <!-- browserLaunchAndLoadUrl -->
        <test-method signature="productListTest()[pri:0, instance:test.TC_002_ProductList@128d2484]" started-at="2026-07-30T13:26:47 IST" name="productListTest" finished-at="2026-07-30T13:26:48 IST" duration-ms="524" status="PASS">
          <reporter-output>
          </reporter-output>
        </test-method> <!-- productListTest -->
        <test-method is-config="true" signature="browserClose()[pri:0, instance:test.TC_002_ProductList@128d2484]" started-at="2026-07-30T13:26:48 IST" name="browserClose" finished-at="2026-07-30T13:26:48 IST" duration-ms="0" status="PASS">
          <reporter-output>
          </reporter-output>
        </test-method> <!-- browserClose -->
      </class> <!-- test.TC_002_ProductList -->
      <class name="test.TC_003_AddToCart">
        <test-method is-config="true" signature="setup()[pri:0, instance:test.TC_003_AddToCart@7cc0cdad]" started-at="2026-07-30T13:26:34 IST" name="setup" finished-at="2026-07-30T13:26:34 IST" duration-ms="1" status="PASS">
          <reporter-output>
          </reporter-output>
        </test-method> <!-- setup -->
        <test-method is-config="true" signature="testDetails()[pri:0, instance:test.TC_003_AddToCart@7cc0cdad]" started-at="2026-07-30T13:26:48 IST" name="testDetails" finished-at="2026-07-30T13:26:48 IST" duration-ms="0" status="PASS">
          <reporter-output>
          </reporter-output>
        </test-method> <!-- testDetails -->
        <test-method is-config="true" signature="browserLaunchAndLoadUrl(java.lang.String,java.lang.String)[pri:0, instance:test.TC_003_AddToCart@7cc0cdad]" started-at="2026-07-30T13:26:48 IST" name="browserLaunchAndLoadUrl" finished-at="2026-07-30T13:26:51 IST" duration-ms="2696" status="PASS">
          <params>
            <param index="0">
              <value>
                <![CDATA[https://www.saucedemo.com/]]>
              </value>
            </param>
            <param index="1">
              <value>
                <![CDATA[chrome]]>
              </value>
            </param>
          </params>
          <reporter-output>
          </reporter-output>
        </test-method> <!-- browserLaunchAndLoadUrl -->
        <test-method signature="productListTest()[pri:0, instance:test.TC_003_AddToCart@7cc0cdad]" started-at="2026-07-30T13:26:51 IST" name="productListTest" finished-at="2026-07-30T13:26:52 IST" duration-ms="767" status="PASS">
          <reporter-output>
          </reporter-output>
        </test-method> <!-- productListTest -->
        <test-method is-config="true" signature="browserClose()[pri:0, instance:test.TC_003_AddToCart@7cc0cdad]" started-at="2026-07-30T13:26:52 IST" name="browserClose" finished-at="2026-07-30T13:26:52 IST" duration-ms="0" status="PASS">
          <reporter-output>
          </reporter-output>
        </test-method> <!-- browserClose -->
      </class> <!-- test.TC_003_AddToCart -->
    </test> <!-- ChromeTest -->
  </suite> <!-- Suite -->
</testng-results>
