<?xml version="1.0" encoding="UTF-8"?>
<testng-results ignored="0" total="1" passed="1" failed="0" skipped="0">
  <reporter-output>
  </reporter-output>
  <suite started-at="2025-05-28T18:16:58 IST" name="Suite" finished-at="2025-05-28T18:17:15 IST" duration-ms="16480">
    <groups>
    </groups>
    <test started-at="2025-05-28T18:16:58 IST" name="ChromeTest" finished-at="2025-05-28T18:17:15 IST" duration-ms="16480">
      <class name="test.TC_004_CheckOut">
        <test-method is-config="true" signature="reportInitialization()[pri:0, instance:test.TC_004_CheckOut@79079097]" started-at="2025-05-28T18:16:57 IST" name="reportInitialization" finished-at="2025-05-28T18:16:58 IST" duration-ms="1443" status="PASS">
          <reporter-output>
          </reporter-output>
        </test-method> <!-- reportInitialization -->
        <test-method is-config="true" signature="setup()[pri:0, instance:test.TC_004_CheckOut@79079097]" started-at="2025-05-28T18:16:58 IST" name="setup" finished-at="2025-05-28T18:16:59 IST" duration-ms="120" status="PASS">
          <reporter-output>
          </reporter-output>
        </test-method> <!-- setup -->
        <test-method is-config="true" signature="testDetails()[pri:0, instance:test.TC_004_CheckOut@79079097]" started-at="2025-05-28T18:16:59 IST" name="testDetails" finished-at="2025-05-28T18:16:59 IST" duration-ms="56" status="PASS">
          <reporter-output>
          </reporter-output>
        </test-method> <!-- testDetails -->
        <test-method is-config="true" signature="browserLaunchAndLoadUrl(java.lang.String,java.lang.String)[pri:0, instance:test.TC_004_CheckOut@79079097]" started-at="2025-05-28T18:16:59 IST" name="browserLaunchAndLoadUrl" finished-at="2025-05-28T18:17:11 IST" duration-ms="12679" status="PASS">
          <params>
            <param index="0">
              <value>
                <![CDATA[https://www.saucedemo.com/]]>
              </value>
            </param>
            <param index="1">
              <value>
                <![CDATA[chrome]]>
              </value>
            </param>
          </params>
          <reporter-output>
          </reporter-output>
        </test-method> <!-- browserLaunchAndLoadUrl -->
        <test-method signature="checkOutTest()[pri:0, instance:test.TC_004_CheckOut@79079097]" started-at="2025-05-28T18:17:11 IST" name="checkOutTest" finished-at="2025-05-28T18:17:15 IST" duration-ms="3067" status="PASS">
          <reporter-output>
          </reporter-output>
        </test-method> <!-- checkOutTest -->
        <test-method is-config="true" signature="browserClose()[pri:0, instance:test.TC_004_CheckOut@79079097]" started-at="2025-05-28T18:17:15 IST" name="browserClose" finished-at="2025-05-28T18:17:15 IST" duration-ms="1" status="PASS">
          <reporter-output>
          </reporter-output>
        </test-method> <!-- browserClose -->
        <test-method is-config="true" signature="closeReport()[pri:0, instance:test.TC_004_CheckOut@79079097]" started-at="2025-05-28T18:17:15 IST" name="closeReport" finished-at="2025-05-28T18:17:16 IST" duration-ms="1109" status="PASS">
          <reporter-output>
          </reporter-output>
        </test-method> <!-- closeReport -->
      </class> <!-- test.TC_004_CheckOut -->
    </test> <!-- ChromeTest -->
  </suite> <!-- Suite -->
</testng-results>
