<?xml version="1.0" encoding="UTF-8"?>
<testng-results ignored="0" total="16" passed="10" failed="6" skipped="0">
  <reporter-output>
  </reporter-output>
  <suite started-at="2026-07-30T13:20:26 IST" name="CrossBrowserParallelSuite" finished-at="2026-07-30T13:22:59 IST" duration-ms="153618">
    <groups>
      <group name="Sanity">
        <method signature="TC_004_CheckOut.checkOutTest()[pri:0, instance:test.TC_004_CheckOut@7bedc48a]" name="checkOutTest" class="test.TC_004_CheckOut"/>
        <method signature="TC_004_CheckOut.checkOutTest()[pri:0, instance:test.TC_004_CheckOut@5c90e579]" name="checkOutTest" class="test.TC_004_CheckOut"/>
      </group> <!-- Sanity -->
      <group name="Regression">
        <method signature="TC_001_LoginTest.loginTest(java.lang.String,java.lang.String,java.lang.String,java.lang.String)[pri:0, instance:test.TC_001_LoginTest@d35dea7]" name="loginTest" class="test.TC_001_LoginTest"/>
        <method signature="TC_002_ProductList.productListTest()[pri:0, instance:test.TC_002_ProductList@41a2befb]" name="productListTest" class="test.TC_002_ProductList"/>
        <method signature="TC_003_AddToCart.productListTest()[pri:0, instance:test.TC_003_AddToCart@6c40365c]" name="productListTest" class="test.TC_003_AddToCart"/>
        <method signature="TC_001_LoginTest.loginTest(java.lang.String,java.lang.String,java.lang.String,java.lang.String)[pri:0, instance:test.TC_001_LoginTest@4e3958e7]" name="loginTest" class="test.TC_001_LoginTest"/>
        <method signature="TC_002_ProductList.productListTest()[pri:0, instance:test.TC_002_ProductList@77f80c04]" name="productListTest" class="test.TC_002_ProductList"/>
        <method signature="TC_003_AddToCart.productListTest()[pri:0, instance:test.TC_003_AddToCart@1dac5ef]" name="productListTest" class="test.TC_003_AddToCart"/>
      </group> <!-- Regression -->
      <group name="Smoke">
        <method signature="TC_001_LoginTest.loginTest(java.lang.String,java.lang.String,java.lang.String,java.lang.String)[pri:0, instance:test.TC_001_LoginTest@d35dea7]" name="loginTest" class="test.TC_001_LoginTest"/>
        <method signature="TC_001_LoginTest.loginTest(java.lang.String,java.lang.String,java.lang.String,java.lang.String)[pri:0, instance:test.TC_001_LoginTest@4e3958e7]" name="loginTest" class="test.TC_001_LoginTest"/>
      </group> <!-- Smoke -->
    </groups>
    <test started-at="2026-07-30T13:20:26 IST" name="ChromeTest" finished-at="2026-07-30T13:22:54 IST" duration-ms="148239">
      <class name="test.TC_001_LoginTest">
        <test-method is-config="true" signature="setup()[pri:0, instance:test.TC_001_LoginTest@d35dea7]" started-at="2026-07-30T13:20:26 IST" name="setup" finished-at="2026-07-30T13:20:26 IST" duration-ms="0" status="PASS">
          <reporter-output>
          </reporter-output>
        </test-method> <!-- setup -->
        <test-method is-config="true" signature="testDetails()[pri:0, instance:test.TC_001_LoginTest@d35dea7]" started-at="2026-07-30T13:20:26 IST" name="testDetails" finished-at="2026-07-30T13:20:26 IST" duration-ms="12" status="PASS">
          <reporter-output>
          </reporter-output>
        </test-method> <!-- testDetails -->
        <test-method is-config="true" signature="browserLaunchAndLoadUrl(java.lang.String,java.lang.String)[pri:0, instance:test.TC_001_LoginTest@d35dea7]" started-at="2026-07-30T13:20:27 IST" name="browserLaunchAndLoadUrl" finished-at="2026-07-30T13:20:29 IST" duration-ms="2301" status="PASS">
          <params>
            <param index="0">
              <value>
                <![CDATA[https://www.saucedemo.com/]]>
              </value>
            </param>
            <param index="1">
              <value>
                <![CDATA[chrome]]>
              </value>
            </param>
          </params>
          <reporter-output>
          </reporter-output>
        </test-method> <!-- browserLaunchAndLoadUrl -->
        <test-method signature="loginTest(java.lang.String,java.lang.String,java.lang.String,java.lang.String)[pri:0, instance:test.TC_001_LoginTest@d35dea7]" started-at="2026-07-30T13:20:29 IST" name="loginTest" data-provider="readData" finished-at="2026-07-30T13:20:30 IST" duration-ms="1342" status="FAIL">
          <params>
            <param index="0">
              <value>
                <![CDATA[standard_user]]>
              </value>
            </param>
            <param index="1">
              <value>
                <![CDATA[secret_sauce]]>
              </value>
            </param>
            <param index="2">
              <value>
                <![CDATA[ValidInputs]]>
              </value>
            </param>
            <param index="3">
              <value>
                <![CDATA[https://www.saucedemo.com/inventory.html]]>
              </value>
            </param>
          </params>
          <exception class="java.lang.AssertionError">
            <message>
              <![CDATA[expected [https://www.saucedemo.com/inventory.html] but found [https://www.saucedemo.com/]]]>
            </message>
            <full-stacktrace>
              <![CDATA[java.lang.AssertionError: expected [https://www.saucedemo.com/inventory.html] but found [https://www.saucedemo.com/]
at org.testng.Assert.fail(Assert.java:111)
at org.testng.Assert.failNotEquals(Assert.java:1590)
at org.testng.Assert.assertEqualsImpl(Assert.java:150)
at org.testng.Assert.assertEquals(Assert.java:132)
at org.testng.Assert.assertEquals(Assert.java:656)
at org.testng.Assert.assertEquals(Assert.java:666)
at pages.HomePage.validateLogin(HomePage.java:56)
at test.TC_001_LoginTest.loginTest(TC_001_LoginTest.java:28)
at java.base/jdk.internal.reflect.DirectMethodHandleAccessor.invoke(DirectMethodHandleAccessor.java:103)
at java.base/java.lang.reflect.Method.invoke(Method.java:580)
at org.testng.internal.invokers.MethodInvocationHelper.invokeMethod(MethodInvocationHelper.java:141)
at org.testng.internal.invokers.TestInvoker.invokeMethod(TestInvoker.java:687)
at org.testng.internal.invokers.TestInvoker.invokeTestMethod(TestInvoker.java:230)
at org.testng.internal.invokers.MethodRunner.runInSequence(MethodRunner.java:63)
at org.testng.internal.invokers.TestInvoker$MethodInvocationAgent.invoke(TestInvoker.java:995)
at org.testng.internal.invokers.TestInvoker.invokeTestMethods(TestInvoker.java:203)
at org.testng.internal.invokers.TestMethodWorker.invokeTestMethods(TestMethodWorker.java:154)
at org.testng.internal.invokers.TestMethodWorker.run(TestMethodWorker.java:134)
at java.base/java.util.ArrayList.forEach(ArrayList.java:1596)
at org.testng.TestRunner.privateRun(TestRunner.java:741)
at org.testng.TestRunner.run(TestRunner.java:616)
at org.testng.SuiteRunner.runTest(SuiteRunner.java:421)
at org.testng.SuiteRunner$SuiteWorker.run(SuiteRunner.java:463)
at org.testng.internal.thread.ThreadUtil.lambda$execute$0(ThreadUtil.java:64)
at java.base/java.util.concurrent.FutureTask.run(FutureTask.java:317)
at java.base/java.util.concurrent.ThreadPoolExecutor.runWorker(ThreadPoolExecutor.java:1144)
at java.base/java.util.concurrent.ThreadPoolExecutor$Worker.run(ThreadPoolExecutor.java:642)
at java.base/java.lang.Thread.run(Thread.java:1583)
]]>
            </full-stacktrace>
          </exception> <!-- java.lang.AssertionError -->
          <reporter-output>
          </reporter-output>
        </test-method> <!-- loginTest -->
        <test-method is-config="true" signature="browserClose()[pri:0, instance:test.TC_001_LoginTest@d35dea7]" started-at="2026-07-30T13:20:31 IST" name="browserClose" finished-at="2026-07-30T13:20:31 IST" duration-ms="1" status="PASS">
          <reporter-output>
          </reporter-output>
        </test-method> <!-- browserClose -->
        <test-method is-config="true" signature="browserLaunchAndLoadUrl(java.lang.String,java.lang.String)[pri:0, instance:test.TC_001_LoginTest@d35dea7]" started-at="2026-07-30T13:20:31 IST" name="browserLaunchAndLoadUrl" finished-at="2026-07-30T13:20:32 IST" duration-ms="1965" status="PASS">
          <params>
            <param index="0">
              <value>
                <![CDATA[https://www.saucedemo.com/]]>
              </value>
            </param>
            <param index="1">
              <value>
                <![CDATA[chrome]]>
              </value>
            </param>
          </params>
          <reporter-output>
          </reporter-output>
        </test-method> <!-- browserLaunchAndLoadUrl -->
        <test-method signature="loginTest(java.lang.String,java.lang.String,java.lang.String,java.lang.String)[pri:0, instance:test.TC_001_LoginTest@d35dea7]" started-at="2026-07-30T13:20:32 IST" name="loginTest" data-provider="readData" finished-at="2026-07-30T13:20:33 IST" duration-ms="729" status="PASS">
          <params>
            <param index="0">
              <value>
                <![CDATA[]]>
              </value>
            </param>
            <param index="1">
              <value>
                <![CDATA[secret_sauce]]>
              </value>
            </param>
            <param index="2">
              <value>
                <![CDATA[InvalidUsername]]>
              </value>
            </param>
            <param index="3">
              <value>
                <![CDATA[Epic sadface: Username is required]]>
              </value>
            </param>
          </params>
          <reporter-output>
          </reporter-output>
        </test-method> <!-- loginTest -->
        <test-method is-config="true" signature="browserClose()[pri:0, instance:test.TC_001_LoginTest@d35dea7]" started-at="2026-07-30T13:20:34 IST" name="browserClose" finished-at="2026-07-30T13:20:34 IST" duration-ms="0" status="PASS">
          <reporter-output>
          </reporter-output>
        </test-method> <!-- browserClose -->
        <test-method is-config="true" signature="browserLaunchAndLoadUrl(java.lang.String,java.lang.String)[pri:0, instance:test.TC_001_LoginTest@d35dea7]" started-at="2026-07-30T13:20:34 IST" name="browserLaunchAndLoadUrl" finished-at="2026-07-30T13:20:35 IST" duration-ms="1761" status="PASS">
          <params>
            <param index="0">
              <value>
                <![CDATA[https://www.saucedemo.com/]]>
              </value>
            </param>
            <param index="1">
              <value>
                <![CDATA[chrome]]>
              </value>
            </param>
          </params>
          <reporter-output>
          </reporter-output>
        </test-method> <!-- browserLaunchAndLoadUrl -->
        <test-method signature="loginTest(java.lang.String,java.lang.String,java.lang.String,java.lang.String)[pri:0, instance:test.TC_001_LoginTest@d35dea7]" started-at="2026-07-30T13:20:35 IST" name="loginTest" data-provider="readData" finished-at="2026-07-30T13:20:36 IST" duration-ms="311" status="PASS">
          <params>
            <param index="0">
              <value>
                <![CDATA[standard_user]]>
              </value>
            </param>
            <param index="1">
              <value>
                <![CDATA[]]>
              </value>
            </param>
            <param index="2">
              <value>
                <![CDATA[InvalidPassword]]>
              </value>
            </param>
            <param index="3">
              <value>
                <![CDATA[Epic sadface: Password is required]]>
              </value>
            </param>
          </params>
          <reporter-output>
          </reporter-output>
        </test-method> <!-- loginTest -->
        <test-method is-config="true" signature="browserClose()[pri:0, instance:test.TC_001_LoginTest@d35dea7]" started-at="2026-07-30T13:20:36 IST" name="browserClose" finished-at="2026-07-30T13:20:36 IST" duration-ms="0" status="PASS">
          <reporter-output>
          </reporter-output>
        </test-method> <!-- browserClose -->
        <test-method is-config="true" signature="browserLaunchAndLoadUrl(java.lang.String,java.lang.String)[pri:0, instance:test.TC_001_LoginTest@d35dea7]" started-at="2026-07-30T13:20:36 IST" name="browserLaunchAndLoadUrl" finished-at="2026-07-30T13:20:38 IST" duration-ms="2203" status="PASS">
          <params>
            <param index="0">
              <value>
                <![CDATA[https://www.saucedemo.com/]]>
              </value>
            </param>
            <param index="1">
              <value>
                <![CDATA[chrome]]>
              </value>
            </param>
          </params>
          <reporter-output>
          </reporter-output>
        </test-method> <!-- browserLaunchAndLoadUrl -->
        <test-method signature="loginTest(java.lang.String,java.lang.String,java.lang.String,java.lang.String)[pri:0, instance:test.TC_001_LoginTest@d35dea7]" started-at="2026-07-30T13:20:38 IST" name="loginTest" data-provider="readData" finished-at="2026-07-30T13:20:38 IST" duration-ms="393" status="PASS">
          <params>
            <param index="0">
              <value>
                <![CDATA[]]>
              </value>
            </param>
            <param index="1">
              <value>
                <![CDATA[]]>
              </value>
            </param>
            <param index="2">
              <value>
                <![CDATA[BlankInputs]]>
              </value>
            </param>
            <param index="3">
              <value>
                <![CDATA[Epic sadface: Username is required]]>
              </value>
            </param>
          </params>
          <reporter-output>
          </reporter-output>
        </test-method> <!-- loginTest -->
        <test-method is-config="true" signature="browserClose()[pri:0, instance:test.TC_001_LoginTest@d35dea7]" started-at="2026-07-30T13:20:39 IST" name="browserClose" finished-at="2026-07-30T13:20:39 IST" duration-ms="6" status="PASS">
          <reporter-output>
          </reporter-output>
        </test-method> <!-- browserClose -->
        <test-method is-config="true" signature="browserLaunchAndLoadUrl(java.lang.String,java.lang.String)[pri:0, instance:test.TC_001_LoginTest@d35dea7]" started-at="2026-07-30T13:20:39 IST" name="browserLaunchAndLoadUrl" finished-at="2026-07-30T13:20:41 IST" duration-ms="2186" status="PASS">
          <params>
            <param index="0">
              <value>
                <![CDATA[https://www.saucedemo.com/]]>
              </value>
            </param>
            <param index="1">
              <value>
                <![CDATA[chrome]]>
              </value>
            </param>
          </params>
          <reporter-output>
          </reporter-output>
        </test-method> <!-- browserLaunchAndLoadUrl -->
        <test-method signature="loginTest(java.lang.String,java.lang.String,java.lang.String,java.lang.String)[pri:0, instance:test.TC_001_LoginTest@d35dea7]" started-at="2026-07-30T13:20:41 IST" name="loginTest" data-provider="readData" finished-at="2026-07-30T13:20:41 IST" duration-ms="506" status="PASS">
          <params>
            <param index="0">
              <value>
                <![CDATA[abc]]>
              </value>
            </param>
            <param index="1">
              <value>
                <![CDATA[abc@123]]>
              </value>
            </param>
            <param index="2">
              <value>
                <![CDATA[InvalidInputs]]>
              </value>
            </param>
            <param index="3">
              <value>
                <![CDATA[Epic sadface: Username and password do not match any user in this service]]>
              </value>
            </param>
          </params>
          <reporter-output>
          </reporter-output>
        </test-method> <!-- loginTest -->
        <test-method is-config="true" signature="browserClose()[pri:0, instance:test.TC_001_LoginTest@d35dea7]" started-at="2026-07-30T13:20:41 IST" name="browserClose" finished-at="2026-07-30T13:20:41 IST" duration-ms="2" status="PASS">
          <reporter-output>
          </reporter-output>
        </test-method> <!-- browserClose -->
      </class> <!-- test.TC_001_LoginTest -->
      <class name="test.TC_004_CheckOut">
        <test-method is-config="true" signature="setup()[pri:0, instance:test.TC_004_CheckOut@7bedc48a]" started-at="2026-07-30T13:20:26 IST" name="setup" finished-at="2026-07-30T13:20:26 IST" duration-ms="1" status="PASS">
          <reporter-output>
          </reporter-output>
        </test-method> <!-- setup -->
        <test-method is-config="true" signature="browserLaunchAndLoadUrl(java.lang.String,java.lang.String)[pri:0, instance:test.TC_004_CheckOut@7bedc48a]" started-at="2026-07-30T13:22:20 IST" name="browserLaunchAndLoadUrl" finished-at="2026-07-30T13:22:22 IST" duration-ms="2219" status="PASS">
          <params>
            <param index="0">
              <value>
                <![CDATA[https://www.saucedemo.com/]]>
              </value>
            </param>
            <param index="1">
              <value>
                <![CDATA[chrome]]>
              </value>
            </param>
          </params>
          <reporter-output>
          </reporter-output>
        </test-method> <!-- browserLaunchAndLoadUrl -->
        <test-method is-config="true" signature="testDetails()[pri:0, instance:test.TC_004_CheckOut@7bedc48a]" started-at="2026-07-30T13:22:20 IST" name="testDetails" finished-at="2026-07-30T13:22:20 IST" duration-ms="0" status="PASS">
          <reporter-output>
          </reporter-output>
        </test-method> <!-- testDetails -->
        <test-method signature="checkOutTest()[pri:0, instance:test.TC_004_CheckOut@7bedc48a]" started-at="2026-07-30T13:22:22 IST" name="checkOutTest" finished-at="2026-07-30T13:22:54 IST" duration-ms="31494" status="FAIL">
          <exception class="java.lang.AssertionError">
            <message>
              <![CDATA[expected [true] but found [false]]]>
            </message>
            <full-stacktrace>
              <![CDATA[java.lang.AssertionError: expected [true] but found [false]
at org.testng.Assert.fail(Assert.java:111)
at org.testng.Assert.failNotEquals(Assert.java:1590)
at org.testng.Assert.assertTrue(Assert.java:57)
at org.testng.Assert.assertTrue(Assert.java:67)
at pages.InventoryPage.productList(InventoryPage.java:33)
at test.TC_004_CheckOut.checkOutTest(TC_004_CheckOut.java:34)
at java.base/jdk.internal.reflect.DirectMethodHandleAccessor.invoke(DirectMethodHandleAccessor.java:103)
at java.base/java.lang.reflect.Method.invoke(Method.java:580)
at org.testng.internal.invokers.MethodInvocationHelper.invokeMethod(MethodInvocationHelper.java:141)
at org.testng.internal.invokers.TestInvoker.invokeMethod(TestInvoker.java:687)
at org.testng.internal.invokers.TestInvoker.invokeTestMethod(TestInvoker.java:230)
at org.testng.internal.invokers.MethodRunner.runInSequence(MethodRunner.java:63)
at org.testng.internal.invokers.TestInvoker$MethodInvocationAgent.invoke(TestInvoker.java:995)
at org.testng.internal.invokers.TestInvoker.invokeTestMethods(TestInvoker.java:203)
at org.testng.internal.invokers.TestMethodWorker.invokeTestMethods(TestMethodWorker.java:154)
at org.testng.internal.invokers.TestMethodWorker.run(TestMethodWorker.java:134)
at java.base/java.util.ArrayList.forEach(ArrayList.java:1596)
at org.testng.TestRunner.privateRun(TestRunner.java:741)
at org.testng.TestRunner.run(TestRunner.java:616)
at org.testng.SuiteRunner.runTest(SuiteRunner.java:421)
at org.testng.SuiteRunner$SuiteWorker.run(SuiteRunner.java:463)
at org.testng.internal.thread.ThreadUtil.lambda$execute$0(ThreadUtil.java:64)
at java.base/java.util.concurrent.FutureTask.run(FutureTask.java:317)
at java.base/java.util.concurrent.ThreadPoolExecutor.runWorker(ThreadPoolExecutor.java:1144)
at java.base/java.util.concurrent.ThreadPoolExecutor$Worker.run(ThreadPoolExecutor.java:642)
at java.base/java.lang.Thread.run(Thread.java:1583)
]]>
            </full-stacktrace>
          </exception> <!-- java.lang.AssertionError -->
          <reporter-output>
          </reporter-output>
        </test-method> <!-- checkOutTest -->
        <test-method is-config="true" signature="browserClose()[pri:0, instance:test.TC_004_CheckOut@7bedc48a]" started-at="2026-07-30T13:22:54 IST" name="browserClose" finished-at="2026-07-30T13:22:54 IST" duration-ms="1" status="PASS">
          <reporter-output>
          </reporter-output>
        </test-method> <!-- browserClose -->
      </class> <!-- test.TC_004_CheckOut -->
      <class name="test.TC_002_ProductList">
        <test-method is-config="true" signature="setup()[pri:0, instance:test.TC_002_ProductList@41a2befb]" started-at="2026-07-30T13:20:26 IST" name="setup" finished-at="2026-07-30T13:20:26 IST" duration-ms="16" status="PASS">
          <reporter-output>
          </reporter-output>
        </test-method> <!-- setup -->
        <test-method is-config="true" signature="testDetails()[pri:0, instance:test.TC_002_ProductList@41a2befb]" started-at="2026-07-30T13:20:41 IST" name="testDetails" finished-at="2026-07-30T13:20:41 IST" duration-ms="0" status="PASS">
          <reporter-output>
          </reporter-output>
        </test-method> <!-- testDetails -->
        <test-method is-config="true" signature="browserLaunchAndLoadUrl(java.lang.String,java.lang.String)[pri:0, instance:test.TC_002_ProductList@41a2befb]" started-at="2026-07-30T13:20:41 IST" name="browserLaunchAndLoadUrl" finished-at="2026-07-30T13:20:44 IST" duration-ms="2463" status="PASS">
          <params>
            <param index="0">
              <value>
                <![CDATA[https://www.saucedemo.com/]]>
              </value>
            </param>
            <param index="1">
              <value>
                <![CDATA[chrome]]>
              </value>
            </param>
          </params>
          <reporter-output>
          </reporter-output>
        </test-method> <!-- browserLaunchAndLoadUrl -->
        <test-method signature="productListTest()[pri:0, instance:test.TC_002_ProductList@41a2befb]" started-at="2026-07-30T13:20:44 IST" name="productListTest" finished-at="2026-07-30T13:21:15 IST" duration-ms="31272" status="FAIL">
          <exception class="java.lang.AssertionError">
            <message>
              <![CDATA[expected [true] but found [false]]]>
            </message>
            <full-stacktrace>
              <![CDATA[java.lang.AssertionError: expected [true] but found [false]
at org.testng.Assert.fail(Assert.java:111)
at org.testng.Assert.failNotEquals(Assert.java:1590)
at org.testng.Assert.assertTrue(Assert.java:57)
at org.testng.Assert.assertTrue(Assert.java:67)
at pages.InventoryPage.productList(InventoryPage.java:33)
at test.TC_002_ProductList.productListTest(TC_002_ProductList.java:34)
at java.base/jdk.internal.reflect.DirectMethodHandleAccessor.invoke(DirectMethodHandleAccessor.java:103)
at java.base/java.lang.reflect.Method.invoke(Method.java:580)
at org.testng.internal.invokers.MethodInvocationHelper.invokeMethod(MethodInvocationHelper.java:141)
at org.testng.internal.invokers.TestInvoker.invokeMethod(TestInvoker.java:687)
at org.testng.internal.invokers.TestInvoker.invokeTestMethod(TestInvoker.java:230)
at org.testng.internal.invokers.MethodRunner.runInSequence(MethodRunner.java:63)
at org.testng.internal.invokers.TestInvoker$MethodInvocationAgent.invoke(TestInvoker.java:995)
at org.testng.internal.invokers.TestInvoker.invokeTestMethods(TestInvoker.java:203)
at org.testng.internal.invokers.TestMethodWorker.invokeTestMethods(TestMethodWorker.java:154)
at org.testng.internal.invokers.TestMethodWorker.run(TestMethodWorker.java:134)
at java.base/java.util.ArrayList.forEach(ArrayList.java:1596)
at org.testng.TestRunner.privateRun(TestRunner.java:741)
at org.testng.TestRunner.run(TestRunner.java:616)
at org.testng.SuiteRunner.runTest(SuiteRunner.java:421)
at org.testng.SuiteRunner$SuiteWorker.run(SuiteRunner.java:463)
at org.testng.internal.thread.ThreadUtil.lambda$execute$0(ThreadUtil.java:64)
at java.base/java.util.concurrent.FutureTask.run(FutureTask.java:317)
at java.base/java.util.concurrent.ThreadPoolExecutor.runWorker(ThreadPoolExecutor.java:1144)
at java.base/java.util.concurrent.ThreadPoolExecutor$Worker.run(ThreadPoolExecutor.java:642)
at java.base/java.lang.Thread.run(Thread.java:1583)
]]>
            </full-stacktrace>
          </exception> <!-- java.lang.AssertionError -->
          <reporter-output>
          </reporter-output>
        </test-method> <!-- productListTest -->
        <test-method is-config="true" signature="browserClose()[pri:0, instance:test.TC_002_ProductList@41a2befb]" started-at="2026-07-30T13:21:15 IST" name="browserClose" finished-at="2026-07-30T13:21:15 IST" duration-ms="0" status="PASS">
          <reporter-output>
          </reporter-output>
        </test-method> <!-- browserClose -->
      </class> <!-- test.TC_002_ProductList -->
      <class name="test.TC_003_AddToCart">
        <test-method is-config="true" signature="setup()[pri:0, instance:test.TC_003_AddToCart@6c40365c]" started-at="2026-07-30T13:20:26 IST" name="setup" finished-at="2026-07-30T13:20:26 IST" duration-ms="1" status="PASS">
          <reporter-output>
          </reporter-output>
        </test-method> <!-- setup -->
        <test-method is-config="true" signature="testDetails()[pri:0, instance:test.TC_003_AddToCart@6c40365c]" started-at="2026-07-30T13:21:15 IST" name="testDetails" finished-at="2026-07-30T13:21:15 IST" duration-ms="0" status="PASS">
          <reporter-output>
          </reporter-output>
        </test-method> <!-- testDetails -->
        <test-method is-config="true" signature="browserLaunchAndLoadUrl(java.lang.String,java.lang.String)[pri:0, instance:test.TC_003_AddToCart@6c40365c]" started-at="2026-07-30T13:21:15 IST" name="browserLaunchAndLoadUrl" finished-at="2026-07-30T13:21:19 IST" duration-ms="3540" status="PASS">
          <params>
            <param index="0">
              <value>
                <![CDATA[https://www.saucedemo.com/]]>
              </value>
            </param>
            <param index="1">
              <value>
                <![CDATA[chrome]]>
              </value>
            </param>
          </params>
          <reporter-output>
          </reporter-output>
        </test-method> <!-- browserLaunchAndLoadUrl -->
        <test-method signature="productListTest()[pri:0, instance:test.TC_003_AddToCart@6c40365c]" started-at="2026-07-30T13:21:19 IST" name="productListTest" finished-at="2026-07-30T13:21:50 IST" duration-ms="30886" status="FAIL">
          <exception class="java.lang.AssertionError">
            <message>
              <![CDATA[expected [true] but found [false]]]>
            </message>
            <full-stacktrace>
              <![CDATA[java.lang.AssertionError: expected [true] but found [false]
at org.testng.Assert.fail(Assert.java:111)
at org.testng.Assert.failNotEquals(Assert.java:1590)
at org.testng.Assert.assertTrue(Assert.java:57)
at org.testng.Assert.assertTrue(Assert.java:67)
at pages.InventoryPage.productList(InventoryPage.java:33)
at test.TC_003_AddToCart.productListTest(TC_003_AddToCart.java:34)
at java.base/jdk.internal.reflect.DirectMethodHandleAccessor.invoke(DirectMethodHandleAccessor.java:103)
at java.base/java.lang.reflect.Method.invoke(Method.java:580)
at org.testng.internal.invokers.MethodInvocationHelper.invokeMethod(MethodInvocationHelper.java:141)
at org.testng.internal.invokers.TestInvoker.invokeMethod(TestInvoker.java:687)
at org.testng.internal.invokers.TestInvoker.invokeTestMethod(TestInvoker.java:230)
at org.testng.internal.invokers.MethodRunner.runInSequence(MethodRunner.java:63)
at org.testng.internal.invokers.TestInvoker$MethodInvocationAgent.invoke(TestInvoker.java:995)
at org.testng.internal.invokers.TestInvoker.invokeTestMethods(TestInvoker.java:203)
at org.testng.internal.invokers.TestMethodWorker.invokeTestMethods(TestMethodWorker.java:154)
at org.testng.internal.invokers.TestMethodWorker.run(TestMethodWorker.java:134)
at java.base/java.util.ArrayList.forEach(ArrayList.java:1596)
at org.testng.TestRunner.privateRun(TestRunner.java:741)
at org.testng.TestRunner.run(TestRunner.java:616)
at org.testng.SuiteRunner.runTest(SuiteRunner.java:421)
at org.testng.SuiteRunner$SuiteWorker.run(SuiteRunner.java:463)
at org.testng.internal.thread.ThreadUtil.lambda$execute$0(ThreadUtil.java:64)
at java.base/java.util.concurrent.FutureTask.run(FutureTask.java:317)
at java.base/java.util.concurrent.ThreadPoolExecutor.runWorker(ThreadPoolExecutor.java:1144)
at java.base/java.util.concurrent.ThreadPoolExecutor$Worker.run(ThreadPoolExecutor.java:642)
at java.base/java.lang.Thread.run(Thread.java:1583)
]]>
            </full-stacktrace>
          </exception> <!-- java.lang.AssertionError -->
          <reporter-output>
          </reporter-output>
        </test-method> <!-- productListTest -->
        <test-method is-config="true" signature="browserClose()[pri:0, instance:test.TC_003_AddToCart@6c40365c]" started-at="2026-07-30T13:22:20 IST" name="browserClose" finished-at="2026-07-30T13:22:20 IST" duration-ms="0" status="PASS">
          <reporter-output>
          </reporter-output>
        </test-method> <!-- browserClose -->
      </class> <!-- test.TC_003_AddToCart -->
    </test> <!-- ChromeTest -->
    <test started-at="2026-07-30T13:20:26 IST" name="EdgeTest" finished-at="2026-07-30T13:22:59 IST" duration-ms="153618">
      <class name="test.TC_001_LoginTest">
        <test-method is-config="true" signature="reportInitialization()[pri:0, instance:test.TC_001_LoginTest@4e3958e7]" started-at="2026-07-30T13:20:25 IST" name="reportInitialization" finished-at="2026-07-30T13:20:26 IST" duration-ms="400" status="PASS">
          <reporter-output>
          </reporter-output>
        </test-method> <!-- reportInitialization -->
        <test-method is-config="true" signature="setup()[pri:0, instance:test.TC_001_LoginTest@4e3958e7]" started-at="2026-07-30T13:20:26 IST" name="setup" finished-at="2026-07-30T13:20:26 IST" duration-ms="0" status="PASS">
          <reporter-output>
          </reporter-output>
        </test-method> <!-- setup -->
        <test-method is-config="true" signature="testDetails()[pri:0, instance:test.TC_001_LoginTest@4e3958e7]" started-at="2026-07-30T13:20:26 IST" name="testDetails" finished-at="2026-07-30T13:20:26 IST" duration-ms="13" status="PASS">
          <reporter-output>
          </reporter-output>
        </test-method> <!-- testDetails -->
        <test-method is-config="true" signature="browserLaunchAndLoadUrl(java.lang.String,java.lang.String)[pri:0, instance:test.TC_001_LoginTest@4e3958e7]" started-at="2026-07-30T13:20:27 IST" name="browserLaunchAndLoadUrl" finished-at="2026-07-30T13:20:30 IST" duration-ms="3618" status="PASS">
          <params>
            <param index="0">
              <value>
                <![CDATA[https://www.saucedemo.com/]]>
              </value>
            </param>
            <param index="1">
              <value>
                <![CDATA[edge]]>
              </value>
            </param>
          </params>
          <reporter-output>
          </reporter-output>
        </test-method> <!-- browserLaunchAndLoadUrl -->
        <test-method signature="loginTest(java.lang.String,java.lang.String,java.lang.String,java.lang.String)[pri:0, instance:test.TC_001_LoginTest@4e3958e7]" started-at="2026-07-30T13:20:30 IST" name="loginTest" data-provider="readData" finished-at="2026-07-30T13:20:31 IST" duration-ms="543" status="PASS">
          <params>
            <param index="0">
              <value>
                <![CDATA[standard_user]]>
              </value>
            </param>
            <param index="1">
              <value>
                <![CDATA[secret_sauce]]>
              </value>
            </param>
            <param index="2">
              <value>
                <![CDATA[ValidInputs]]>
              </value>
            </param>
            <param index="3">
              <value>
                <![CDATA[https://www.saucedemo.com/inventory.html]]>
              </value>
            </param>
          </params>
          <reporter-output>
          </reporter-output>
        </test-method> <!-- loginTest -->
        <test-method is-config="true" signature="browserClose()[pri:0, instance:test.TC_001_LoginTest@4e3958e7]" started-at="2026-07-30T13:20:31 IST" name="browserClose" finished-at="2026-07-30T13:20:31 IST" duration-ms="0" status="PASS">
          <reporter-output>
          </reporter-output>
        </test-method> <!-- browserClose -->
        <test-method is-config="true" signature="browserLaunchAndLoadUrl(java.lang.String,java.lang.String)[pri:0, instance:test.TC_001_LoginTest@4e3958e7]" started-at="2026-07-30T13:20:31 IST" name="browserLaunchAndLoadUrl" finished-at="2026-07-30T13:20:33 IST" duration-ms="1901" status="PASS">
          <params>
            <param index="0">
              <value>
                <![CDATA[https://www.saucedemo.com/]]>
              </value>
            </param>
            <param index="1">
              <value>
                <![CDATA[edge]]>
              </value>
            </param>
          </params>
          <reporter-output>
          </reporter-output>
        </test-method> <!-- browserLaunchAndLoadUrl -->
        <test-method signature="loginTest(java.lang.String,java.lang.String,java.lang.String,java.lang.String)[pri:0, instance:test.TC_001_LoginTest@4e3958e7]" started-at="2026-07-30T13:20:33 IST" name="loginTest" data-provider="readData" finished-at="2026-07-30T13:20:34 IST" duration-ms="984" status="PASS">
          <params>
            <param index="0">
              <value>
                <![CDATA[]]>
              </value>
            </param>
            <param index="1">
              <value>
                <![CDATA[secret_sauce]]>
              </value>
            </param>
            <param index="2">
              <value>
                <![CDATA[InvalidUsername]]>
              </value>
            </param>
            <param index="3">
              <value>
                <![CDATA[Epic sadface: Username is required]]>
              </value>
            </param>
          </params>
          <reporter-output>
          </reporter-output>
        </test-method> <!-- loginTest -->
        <test-method is-config="true" signature="browserClose()[pri:0, instance:test.TC_001_LoginTest@4e3958e7]" started-at="2026-07-30T13:20:34 IST" name="browserClose" finished-at="2026-07-30T13:20:34 IST" duration-ms="2" status="PASS">
          <reporter-output>
          </reporter-output>
        </test-method> <!-- browserClose -->
        <test-method is-config="true" signature="browserLaunchAndLoadUrl(java.lang.String,java.lang.String)[pri:0, instance:test.TC_001_LoginTest@4e3958e7]" started-at="2026-07-30T13:20:34 IST" name="browserLaunchAndLoadUrl" finished-at="2026-07-30T13:20:37 IST" duration-ms="2885" status="PASS">
          <params>
            <param index="0">
              <value>
                <![CDATA[https://www.saucedemo.com/]]>
              </value>
            </param>
            <param index="1">
              <value>
                <![CDATA[edge]]>
              </value>
            </param>
          </params>
          <reporter-output>
          </reporter-output>
        </test-method> <!-- browserLaunchAndLoadUrl -->
        <test-method signature="loginTest(java.lang.String,java.lang.String,java.lang.String,java.lang.String)[pri:0, instance:test.TC_001_LoginTest@4e3958e7]" started-at="2026-07-30T13:20:37 IST" name="loginTest" data-provider="readData" finished-at="2026-07-30T13:20:38 IST" duration-ms="669" status="PASS">
          <params>
            <param index="0">
              <value>
                <![CDATA[standard_user]]>
              </value>
            </param>
            <param index="1">
              <value>
                <![CDATA[]]>
              </value>
            </param>
            <param index="2">
              <value>
                <![CDATA[InvalidPassword]]>
              </value>
            </param>
            <param index="3">
              <value>
                <![CDATA[Epic sadface: Password is required]]>
              </value>
            </param>
          </params>
          <reporter-output>
          </reporter-output>
        </test-method> <!-- loginTest -->
        <test-method is-config="true" signature="browserLaunchAndLoadUrl(java.lang.String,java.lang.String)[pri:0, instance:test.TC_001_LoginTest@4e3958e7]" started-at="2026-07-30T13:20:38 IST" name="browserLaunchAndLoadUrl" finished-at="2026-07-30T13:20:40 IST" duration-ms="2093" status="PASS">
          <params>
            <param index="0">
              <value>
                <![CDATA[https://www.saucedemo.com/]]>
              </value>
            </param>
            <param index="1">
              <value>
                <![CDATA[edge]]>
              </value>
            </param>
          </params>
          <reporter-output>
          </reporter-output>
        </test-method> <!-- browserLaunchAndLoadUrl -->
        <test-method is-config="true" signature="browserClose()[pri:0, instance:test.TC_001_LoginTest@4e3958e7]" started-at="2026-07-30T13:20:38 IST" name="browserClose" finished-at="2026-07-30T13:20:38 IST" duration-ms="0" status="PASS">
          <reporter-output>
          </reporter-output>
        </test-method> <!-- browserClose -->
        <test-method signature="loginTest(java.lang.String,java.lang.String,java.lang.String,java.lang.String)[pri:0, instance:test.TC_001_LoginTest@4e3958e7]" started-at="2026-07-30T13:20:40 IST" name="loginTest" data-provider="readData" finished-at="2026-07-30T13:20:41 IST" duration-ms="966" status="FAIL">
          <params>
            <param index="0">
              <value>
                <![CDATA[]]>
              </value>
            </param>
            <param index="1">
              <value>
                <![CDATA[]]>
              </value>
            </param>
            <param index="2">
              <value>
                <![CDATA[BlankInputs]]>
              </value>
            </param>
            <param index="3">
              <value>
                <![CDATA[Epic sadface: Username is required]]>
              </value>
            </param>
          </params>
          <exception class="java.lang.AssertionError">
            <message>
              <![CDATA[expected [Epic sadface: Username is required] but found [Epic sadface: Username and password do not match any user in this service]]]>
            </message>
            <full-stacktrace>
              <![CDATA[java.lang.AssertionError: expected [Epic sadface: Username is required] but found [Epic sadface: Username and password do not match any user in this service]
at org.testng.Assert.fail(Assert.java:111)
at org.testng.Assert.failNotEquals(Assert.java:1590)
at org.testng.Assert.assertEqualsImpl(Assert.java:150)
at org.testng.Assert.assertEquals(Assert.java:132)
at org.testng.Assert.assertEquals(Assert.java:656)
at org.testng.Assert.assertEquals(Assert.java:666)
at pages.HomePage.validateLogin(HomePage.java:71)
at test.TC_001_LoginTest.loginTest(TC_001_LoginTest.java:28)
at java.base/jdk.internal.reflect.DirectMethodHandleAccessor.invoke(DirectMethodHandleAccessor.java:103)
at java.base/java.lang.reflect.Method.invoke(Method.java:580)
at org.testng.internal.invokers.MethodInvocationHelper.invokeMethod(MethodInvocationHelper.java:141)
at org.testng.internal.invokers.TestInvoker.invokeMethod(TestInvoker.java:687)
at org.testng.internal.invokers.TestInvoker.invokeTestMethod(TestInvoker.java:230)
at org.testng.internal.invokers.MethodRunner.runInSequence(MethodRunner.java:63)
at org.testng.internal.invokers.TestInvoker$MethodInvocationAgent.invoke(TestInvoker.java:995)
at org.testng.internal.invokers.TestInvoker.invokeTestMethods(TestInvoker.java:203)
at org.testng.internal.invokers.TestMethodWorker.invokeTestMethods(TestMethodWorker.java:154)
at org.testng.internal.invokers.TestMethodWorker.run(TestMethodWorker.java:134)
at java.base/java.util.ArrayList.forEach(ArrayList.java:1596)
at org.testng.TestRunner.privateRun(TestRunner.java:741)
at org.testng.TestRunner.run(TestRunner.java:616)
at org.testng.SuiteRunner.runTest(SuiteRunner.java:421)
at org.testng.SuiteRunner$SuiteWorker.run(SuiteRunner.java:463)
at org.testng.internal.thread.ThreadUtil.lambda$execute$0(ThreadUtil.java:64)
at java.base/java.util.concurrent.FutureTask.run(FutureTask.java:317)
at java.base/java.util.concurrent.ThreadPoolExecutor.runWorker(ThreadPoolExecutor.java:1144)
at java.base/java.util.concurrent.ThreadPoolExecutor$Worker.run(ThreadPoolExecutor.java:642)
at java.base/java.lang.Thread.run(Thread.java:1583)
]]>
            </full-stacktrace>
          </exception> <!-- java.lang.AssertionError -->
          <reporter-output>
          </reporter-output>
        </test-method> <!-- loginTest -->
        <test-method is-config="true" signature="browserClose()[pri:0, instance:test.TC_001_LoginTest@4e3958e7]" started-at="2026-07-30T13:20:41 IST" name="browserClose" finished-at="2026-07-30T13:20:41 IST" duration-ms="0" status="PASS">
          <reporter-output>
          </reporter-output>
        </test-method> <!-- browserClose -->
        <test-method is-config="true" signature="browserLaunchAndLoadUrl(java.lang.String,java.lang.String)[pri:0, instance:test.TC_001_LoginTest@4e3958e7]" started-at="2026-07-30T13:20:41 IST" name="browserLaunchAndLoadUrl" finished-at="2026-07-30T13:20:45 IST" duration-ms="3798" status="PASS">
          <params>
            <param index="0">
              <value>
                <![CDATA[https://www.saucedemo.com/]]>
              </value>
            </param>
            <param index="1">
              <value>
                <![CDATA[edge]]>
              </value>
            </param>
          </params>
          <reporter-output>
          </reporter-output>
        </test-method> <!-- browserLaunchAndLoadUrl -->
        <test-method signature="loginTest(java.lang.String,java.lang.String,java.lang.String,java.lang.String)[pri:0, instance:test.TC_001_LoginTest@4e3958e7]" started-at="2026-07-30T13:20:45 IST" name="loginTest" data-provider="readData" finished-at="2026-07-30T13:21:16 IST" duration-ms="30477" status="PASS">
          <params>
            <param index="0">
              <value>
                <![CDATA[abc]]>
              </value>
            </param>
            <param index="1">
              <value>
                <![CDATA[abc@123]]>
              </value>
            </param>
            <param index="2">
              <value>
                <![CDATA[InvalidInputs]]>
              </value>
            </param>
            <param index="3">
              <value>
                <![CDATA[Epic sadface: Username and password do not match any user in this service]]>
              </value>
            </param>
          </params>
          <reporter-output>
          </reporter-output>
        </test-method> <!-- loginTest -->
        <test-method is-config="true" signature="browserClose()[pri:0, instance:test.TC_001_LoginTest@4e3958e7]" started-at="2026-07-30T13:21:16 IST" name="browserClose" finished-at="2026-07-30T13:21:16 IST" duration-ms="0" status="PASS">
          <reporter-output>
          </reporter-output>
        </test-method> <!-- browserClose -->
        <test-method is-config="true" signature="closeReport()[pri:0, instance:test.TC_001_LoginTest@4e3958e7]" started-at="2026-07-30T13:22:59 IST" name="closeReport" finished-at="2026-07-30T13:23:00 IST" duration-ms="598" status="PASS">
          <reporter-output>
          </reporter-output>
        </test-method> <!-- closeReport -->
      </class> <!-- test.TC_001_LoginTest -->
      <class name="test.TC_004_CheckOut">
        <test-method is-config="true" signature="setup()[pri:0, instance:test.TC_004_CheckOut@5c90e579]" started-at="2026-07-30T13:20:26 IST" name="setup" finished-at="2026-07-30T13:20:26 IST" duration-ms="0" status="PASS">
          <reporter-output>
          </reporter-output>
        </test-method> <!-- setup -->
        <test-method is-config="true" signature="testDetails()[pri:0, instance:test.TC_004_CheckOut@5c90e579]" started-at="2026-07-30T13:22:55 IST" name="testDetails" finished-at="2026-07-30T13:22:55 IST" duration-ms="1" status="PASS">
          <reporter-output>
          </reporter-output>
        </test-method> <!-- testDetails -->
        <test-method is-config="true" signature="browserLaunchAndLoadUrl(java.lang.String,java.lang.String)[pri:0, instance:test.TC_004_CheckOut@5c90e579]" started-at="2026-07-30T13:22:55 IST" name="browserLaunchAndLoadUrl" finished-at="2026-07-30T13:22:58 IST" duration-ms="2910" status="PASS">
          <params>
            <param index="0">
              <value>
                <![CDATA[https://www.saucedemo.com/]]>
              </value>
            </param>
            <param index="1">
              <value>
                <![CDATA[edge]]>
              </value>
            </param>
          </params>
          <reporter-output>
          </reporter-output>
        </test-method> <!-- browserLaunchAndLoadUrl -->
        <test-method signature="checkOutTest()[pri:0, instance:test.TC_004_CheckOut@5c90e579]" started-at="2026-07-30T13:22:58 IST" name="checkOutTest" finished-at="2026-07-30T13:22:59 IST" duration-ms="1117" status="PASS">
          <reporter-output>
          </reporter-output>
        </test-method> <!-- checkOutTest -->
        <test-method is-config="true" signature="browserClose()[pri:0, instance:test.TC_004_CheckOut@5c90e579]" started-at="2026-07-30T13:22:59 IST" name="browserClose" finished-at="2026-07-30T13:22:59 IST" duration-ms="0" status="PASS">
          <reporter-output>
          </reporter-output>
        </test-method> <!-- browserClose -->
      </class> <!-- test.TC_004_CheckOut -->
      <class name="test.TC_002_ProductList">
        <test-method is-config="true" signature="setup()[pri:0, instance:test.TC_002_ProductList@77f80c04]" started-at="2026-07-30T13:20:26 IST" name="setup" finished-at="2026-07-30T13:20:26 IST" duration-ms="16" status="PASS">
          <reporter-output>
          </reporter-output>
        </test-method> <!-- setup -->
        <test-method is-config="true" signature="testDetails()[pri:0, instance:test.TC_002_ProductList@77f80c04]" started-at="2026-07-30T13:21:16 IST" name="testDetails" finished-at="2026-07-30T13:21:16 IST" duration-ms="0" status="PASS">
          <reporter-output>
          </reporter-output>
        </test-method> <!-- testDetails -->
        <test-method is-config="true" signature="browserLaunchAndLoadUrl(java.lang.String,java.lang.String)[pri:0, instance:test.TC_002_ProductList@77f80c04]" started-at="2026-07-30T13:21:16 IST" name="browserLaunchAndLoadUrl" finished-at="2026-07-30T13:21:19 IST" duration-ms="3560" status="PASS">
          <params>
            <param index="0">
              <value>
                <![CDATA[https://www.saucedemo.com/]]>
              </value>
            </param>
            <param index="1">
              <value>
                <![CDATA[edge]]>
              </value>
            </param>
          </params>
          <reporter-output>
          </reporter-output>
        </test-method> <!-- browserLaunchAndLoadUrl -->
        <test-method signature="productListTest()[pri:0, instance:test.TC_002_ProductList@77f80c04]" started-at="2026-07-30T13:21:19 IST" name="productListTest" finished-at="2026-07-30T13:22:20 IST" duration-ms="60485" status="FAIL">
          <exception class="java.lang.AssertionError">
            <message>
              <![CDATA[expected [true] but found [false]]]>
            </message>
            <full-stacktrace>
              <![CDATA[java.lang.AssertionError: expected [true] but found [false]
at org.testng.Assert.fail(Assert.java:111)
at org.testng.Assert.failNotEquals(Assert.java:1590)
at org.testng.Assert.assertTrue(Assert.java:57)
at org.testng.Assert.assertTrue(Assert.java:67)
at pages.InventoryPage.productList(InventoryPage.java:33)
at test.TC_002_ProductList.productListTest(TC_002_ProductList.java:34)
at java.base/jdk.internal.reflect.DirectMethodHandleAccessor.invoke(DirectMethodHandleAccessor.java:103)
at java.base/java.lang.reflect.Method.invoke(Method.java:580)
at org.testng.internal.invokers.MethodInvocationHelper.invokeMethod(MethodInvocationHelper.java:141)
at org.testng.internal.invokers.TestInvoker.invokeMethod(TestInvoker.java:687)
at org.testng.internal.invokers.TestInvoker.invokeTestMethod(TestInvoker.java:230)
at org.testng.internal.invokers.MethodRunner.runInSequence(MethodRunner.java:63)
at org.testng.internal.invokers.TestInvoker$MethodInvocationAgent.invoke(TestInvoker.java:995)
at org.testng.internal.invokers.TestInvoker.invokeTestMethods(TestInvoker.java:203)
at org.testng.internal.invokers.TestMethodWorker.invokeTestMethods(TestMethodWorker.java:154)
at org.testng.internal.invokers.TestMethodWorker.run(TestMethodWorker.java:134)
at java.base/java.util.ArrayList.forEach(ArrayList.java:1596)
at org.testng.TestRunner.privateRun(TestRunner.java:741)
at org.testng.TestRunner.run(TestRunner.java:616)
at org.testng.SuiteRunner.runTest(SuiteRunner.java:421)
at org.testng.SuiteRunner$SuiteWorker.run(SuiteRunner.java:463)
at org.testng.internal.thread.ThreadUtil.lambda$execute$0(ThreadUtil.java:64)
at java.base/java.util.concurrent.FutureTask.run(FutureTask.java:317)
at java.base/java.util.concurrent.ThreadPoolExecutor.runWorker(ThreadPoolExecutor.java:1144)
at java.base/java.util.concurrent.ThreadPoolExecutor$Worker.run(ThreadPoolExecutor.java:642)
at java.base/java.lang.Thread.run(Thread.java:1583)
]]>
            </full-stacktrace>
          </exception> <!-- java.lang.AssertionError -->
          <reporter-output>
          </reporter-output>
        </test-method> <!-- productListTest -->
        <test-method is-config="true" signature="browserClose()[pri:0, instance:test.TC_002_ProductList@77f80c04]" started-at="2026-07-30T13:22:20 IST" name="browserClose" finished-at="2026-07-30T13:22:20 IST" duration-ms="0" status="PASS">
          <reporter-output>
          </reporter-output>
        </test-method> <!-- browserClose -->
      </class> <!-- test.TC_002_ProductList -->
      <class name="test.TC_003_AddToCart">
        <test-method is-config="true" signature="setup()[pri:0, instance:test.TC_003_AddToCart@1dac5ef]" started-at="2026-07-30T13:20:26 IST" name="setup" finished-at="2026-07-30T13:20:26 IST" duration-ms="1" status="PASS">
          <reporter-output>
          </reporter-output>
        </test-method> <!-- setup -->
        <test-method is-config="true" signature="testDetails()[pri:0, instance:test.TC_003_AddToCart@1dac5ef]" started-at="2026-07-30T13:22:20 IST" name="testDetails" finished-at="2026-07-30T13:22:20 IST" duration-ms="1" status="PASS">
          <reporter-output>
          </reporter-output>
        </test-method> <!-- testDetails -->
        <test-method is-config="true" signature="browserLaunchAndLoadUrl(java.lang.String,java.lang.String)[pri:0, instance:test.TC_003_AddToCart@1dac5ef]" started-at="2026-07-30T13:22:20 IST" name="browserLaunchAndLoadUrl" finished-at="2026-07-30T13:22:24 IST" duration-ms="3580" status="PASS">
          <params>
            <param index="0">
              <value>
                <![CDATA[https://www.saucedemo.com/]]>
              </value>
            </param>
            <param index="1">
              <value>
                <![CDATA[edge]]>
              </value>
            </param>
          </params>
          <reporter-output>
          </reporter-output>
        </test-method> <!-- browserLaunchAndLoadUrl -->
        <test-method signature="productListTest()[pri:0, instance:test.TC_003_AddToCart@1dac5ef]" started-at="2026-07-30T13:22:24 IST" name="productListTest" finished-at="2026-07-30T13:22:55 IST" duration-ms="31335" status="PASS">
          <reporter-output>
          </reporter-output>
        </test-method> <!-- productListTest -->
        <test-method is-config="true" signature="browserClose()[pri:0, instance:test.TC_003_AddToCart@1dac5ef]" started-at="2026-07-30T13:22:55 IST" name="browserClose" finished-at="2026-07-30T13:22:55 IST" duration-ms="0" status="PASS">
          <reporter-output>
          </reporter-output>
        </test-method> <!-- browserClose -->
      </class> <!-- test.TC_003_AddToCart -->
    </test> <!-- EdgeTest -->
  </suite> <!-- CrossBrowserParallelSuite -->
</testng-results>
