<?xml version="1.0" encoding="UTF-8"?>
<!-- Generated by org.testng.reporters.JUnitXMLReporter -->
<testsuite ignored="6" hostname="G00005" failures="0" tests="8" name="EdgeTest" time="99.479" errors="0" timestamp="2026-07-30T13:56:41 IST">
  <testcase classname="test.TC_001_LoginTest" name="loginTest" time="0.615"/>
  <testcase classname="test.TC_001_LoginTest" name="loginTest" time="0.643"/>
  <testcase classname="test.TC_001_LoginTest" name="loginTest" time="0.69"/>
  <testcase classname="test.TC_001_LoginTest" name="loginTest" time="0.606"/>
  <testcase classname="test.TC_001_LoginTest" name="loginTest" time="0.0">
    <skipped/>
  </testcase> <!-- loginTest -->
  <testcase classname="test.TC_002_ProductList" name="productListTest" time="0.0">
    <skipped/>
  </testcase> <!-- productListTest -->
  <testcase classname="test.TC_003_AddToCart" name="productListTest" time="0.0">
    <skipped/>
  </testcase> <!-- productListTest -->
  <testcase classname="test.TC_004_CheckOut" name="checkOutTest" time="1.205"/>
  <testcase classname="base.ProjectSpecificMethods" name="@AfterSuite closeReport" time="0.0">
    <ignored/>
  </testcase> <!-- @AfterSuite closeReport -->
  <testcase classname="base.ProjectSpecificMethods" name="@AfterSuite closeReport" time="0.0">
    <ignored/>
  </testcase> <!-- @AfterSuite closeReport -->
  <testcase classname="base.ProjectSpecificMethods" name="@BeforeSuite reportInitialization" time="0.0">
    <ignored/>
  </testcase> <!-- @BeforeSuite reportInitialization -->
  <testcase classname="base.ProjectSpecificMethods" name="@BeforeSuite reportInitialization" time="0.0">
    <ignored/>
  </testcase> <!-- @BeforeSuite reportInitialization -->
  <testcase classname="base.ProjectSpecificMethods" name="@AfterSuite closeReport" time="0.0">
    <ignored/>
  </testcase> <!-- @AfterSuite closeReport -->
  <testcase classname="base.ProjectSpecificMethods" name="@BeforeSuite reportInitialization" time="0.0">
    <ignored/>
  </testcase> <!-- @BeforeSuite reportInitialization -->
</testsuite> <!-- EdgeTest -->
