<?xml version="1.0" encoding="UTF-8"?>
<!-- Generated by org.testng.reporters.JUnitReportReporter -->
<testsuite hostname="DESKTOP-JCSH58D" failures="0" tests="5" name="test.TC_001_LoginTest" time="21.927" errors="0" timestamp="2025-05-15T00:30:08 IST" skipped="0">
  <testcase classname="test.TC_001_LoginTest" name="loginTest" time="5.022"/>
  <testcase classname="test.TC_001_LoginTest" name="loginTest" time="4.959"/>
  <testcase classname="test.TC_001_LoginTest" name="loginTest" time="4.343"/>
  <testcase classname="test.TC_001_LoginTest" name="loginTest" time="4.184"/>
  <testcase classname="test.TC_001_LoginTest" name="loginTest" time="3.419"/>
</testsuite> <!-- test.TC_001_LoginTest -->
