<?xml version="1.0" encoding="UTF-8"?>
<!-- Generated by org.testng.reporters.JUnitReportReporter -->
<testsuite hostname="G00005" failures="0" tests="5" name="test.TC_001_LoginTest" time="10.073" errors="0" timestamp="2026-07-30T13:27:01 IST" skipped="0">
  <testcase classname="test.TC_001_LoginTest" name="loginTest" time="2.384"/>
  <testcase classname="test.TC_001_LoginTest" name="loginTest" time="2.092"/>
  <testcase classname="test.TC_001_LoginTest" name="loginTest" time="1.912"/>
  <testcase classname="test.TC_001_LoginTest" name="loginTest" time="1.878"/>
  <testcase classname="test.TC_001_LoginTest" name="loginTest" time="1.807"/>
</testsuite> <!-- test.TC_001_LoginTest -->
